<?xml version="1.0" encoding="UTF-8"?>
<!-- Generated by org.testng.reporters.JUnitReportReporter -->
<testsuite hostname="MacBooks-MacBook-Pro.local" failures="0" tests="1" name="ZaleniumDemo.ZaleniumTestChrome" time="9.445" errors="0" timestamp="2022-07-20T22:15:32 PST" skipped="0">
  <testcase classname="ZaleniumDemo.ZaleniumTestChrome" name="test1" time="9.445"/>
  <system-out/>
</testsuite> <!-- ZaleniumDemo.ZaleniumTestChrome -->
