<?xml version="1.0" encoding="UTF-8"?>
<!-- Generated by org.testng.reporters.JUnitReportReporter -->
<testsuite hostname="MacBooks-MacBook-Pro.local" failures="0" tests="1" name="ZaleniumDemo.ZaleniumTest" time="4.597" errors="0" timestamp="2022-07-01T00:11:17 PST" skipped="0">
  <testcase classname="ZaleniumDemo.ZaleniumTest" name="test1" time="4.597"/>
  <system-out/>
</testsuite> <!-- ZaleniumDemo.ZaleniumTest -->
