<?xml version="1.0" encoding="UTF-8"?>
<!-- Generated by org.testng.reporters.JUnitReportReporter -->
<testsuite skipped="0" hostname="MacBooks-MacBook-Pro.local" name="ZaleniumDemo.ZaleniumTestFirefox" tests="1" failures="0" timestamp="2022-07-28T23:58:20 PST" time="8.259" errors="0">
  <testcase name="test3" time="8.259" classname="ZaleniumDemo.ZaleniumTestFirefox"/>
  <system-out/>
</testsuite> <!-- ZaleniumDemo.ZaleniumTestFirefox -->
