<?xml version="1.0" encoding="UTF-8"?>
<!-- Generated by org.testng.reporters.JUnitReportReporter -->
<testsuite hostname="MacBooks-MacBook-Pro.local" failures="0" tests="1" name="ZaleniumDemo.ZaleniumTestChrome2" time="14.495" errors="0" timestamp="2022-07-25T19:57:54 PST" skipped="0">
  <testcase classname="ZaleniumDemo.ZaleniumTestChrome2" name="test2" time="14.495"/>
  <system-out/>
</testsuite> <!-- ZaleniumDemo.ZaleniumTestChrome2 -->
