<?xml version="1.0" encoding="UTF-8"?>
<!-- Generated by org.testng.reporters.JUnitReportReporter -->
<testsuite skipped="0" hostname="MacBooks-MacBook-Pro.local" name="ZaleniumDemo.ZaleniumTestChrome" tests="1" failures="0" timestamp="2022-07-26T20:14:24 PST" time="16.198" errors="0">
  <testcase name="test1" time="16.198" classname="ZaleniumDemo.ZaleniumTestChrome"/>
  <system-out/>
</testsuite> <!-- ZaleniumDemo.ZaleniumTestChrome -->
