<?xml version="1.0" encoding="UTF-8"?>
<!-- Generated by org.testng.reporters.JUnitReportReporter -->
<testsuite hostname="MacBooks-MacBook-Pro.local" failures="0" tests="1" name="ZaleniumDemo.ZaleniumTestFirefox" time="11.192" errors="0" timestamp="2022-07-29T00:15:09 PHT" skipped="0">
  <testcase classname="ZaleniumDemo.ZaleniumTestFirefox" name="test3" time="11.192"/>
  <system-out/>
</testsuite> <!-- ZaleniumDemo.ZaleniumTestFirefox -->
