<?xml version="1.0" encoding="UTF-8"?>
<!-- Generated by org.testng.reporters.JUnitReportReporter -->
<testsuite hostname="MacBooks-MacBook-Pro.local" failures="0" tests="1" name="ZaleniumDemo.ZaleniumTestChrome2" time="27.467" errors="0" timestamp="2022-07-29T00:46:15 PHT" skipped="0">
  <testcase classname="ZaleniumDemo.ZaleniumTestChrome2" name="test2" time="27.467"/>
  <system-out/>
</testsuite> <!-- ZaleniumDemo.ZaleniumTestChrome2 -->
