<?xml version="1.0" encoding="UTF-8"?>
<!-- Generated by org.testng.reporters.JUnitReportReporter -->
<testsuite skipped="0" hostname="MacBooks-MacBook-Pro.local" name="ZaleniumDemo.ZaleniumTestChrome2" tests="1" failures="0" timestamp="2022-08-01T10:48:43 PST" time="11.294" errors="0">
  <testcase name="test2" time="11.294" classname="ZaleniumDemo.ZaleniumTestChrome2"/>
  <system-out/>
</testsuite> <!-- ZaleniumDemo.ZaleniumTestChrome2 -->
