<?xml version="1.0" encoding="UTF-8"?>
<!-- Generated by org.testng.reporters.JUnitReportReporter -->
<testsuite hostname="MacBooks-MacBook-Pro.local" failures="0" tests="1" name="ZaleniumDemo.ZaleniumTestFirefox" time="8.311" errors="0" timestamp="2022-07-26T13:20:47 PST" skipped="0">
  <testcase classname="ZaleniumDemo.ZaleniumTestFirefox" name="test3" time="8.311"/>
  <system-out/>
</testsuite> <!-- ZaleniumDemo.ZaleniumTestFirefox -->
